<?xml version="1.0" encoding="UTF-8"?>
<!-- Generated by org.testng.reporters.JUnitReportReporter -->
<testsuite hostname="DESKTOP-AEPGK9C" failures="0" tests="1" name="loginTC.TC01_Login" time="0.026" errors="0" timestamp="2022-03-08T12:41:09 IST" skipped="0">
  <testcase classname="loginTC.TC01_Login" name="TC01" time="0.026"/>
  <system-out>
    <![CDATA[TC01 Passed]]>
  </system-out>
</testsuite> <!-- loginTC.TC01_Login -->
